<?xml version="1.0" encoding="UTF-8"?>
<!-- Generated by org.testng.reporters.JUnitXMLReporter -->
<testsuite ignored="3" hostname="VSPL-H-PC106-L" failures="1" tests="1" name="Test" time="0.111" errors="0" timestamp="2024-07-30T18:41:33 IST">
  <testcase classname="TestNG.Groups" name="CloseApp" time="0.017">
    <failure type="java.lang.NullPointerException" message="Cannot invoke &amp;quot;org.openqa.selenium.WebDriver.close()&amp;quot; because &amp;quot;this.driver&amp;quot; is null">
      <![CDATA[java.lang.NullPointerException: Cannot invoke "org.openqa.selenium.WebDriver.close()" because "this.driver" is null
at TestNG.Groups.CloseApp(Groups.java:33)
at java.base/java.util.ArrayList.forEach(ArrayList.java:1511)
... Removed 27 stack frames]]>
    </failure>
  </testcase> <!-- CloseApp -->
  <testcase classname="TestNG.Groups" name="OpenApp" time="0.0">
    <ignored/>
  </testcase> <!-- OpenApp -->
  <testcase classname="TestNG.Groups" name="Search" time="0.0">
    <ignored/>
  </testcase> <!-- Search -->
  <testcase classname="TestNG.Groups" name="Login" time="0.0">
    <ignored/>
  </testcase> <!-- Login -->
</testsuite> <!-- Test -->
